{"level":"info","message":"Hello from Acquio!","service":"acquio-api","timestamp":"2025-11-29T08:28:42.183Z"}
{"level":"info","message":"::ffff:127.0.0.1 - - [29/Nov/2025:08:28:42 +0000] \"GET / HTTP/1.1\" 200 18 \"-\" \"Mozilla/5.0 (X11; Linux x86_64; rv:143.0) Gecko/20100101 Firefox/143.0\"","service":"acquio-api","timestamp":"2025-11-29T08:28:42.192Z"}
{"level":"info","message":"::ffff:127.0.0.1 - - [29/Nov/2025:08:28:42 +0000] \"GET /favicon.ico HTTP/1.1\" 404 150 \"-\" \"Mozilla/5.0 (X11; Linux x86_64; rv:143.0) Gecko/20100101 Firefox/143.0\"","service":"acquio-api","timestamp":"2025-11-29T08:28:42.275Z"}
{"level":"info","message":"Hello from Acquio!","service":"acquio-api","timestamp":"2025-11-29T08:53:51.557Z"}
{"level":"info","message":"::ffff:127.0.0.1 - - [29/Nov/2025:08:53:51 +0000] \"GET / HTTP/1.1\" 200 18 \"-\" \"Mozilla/5.0 (X11; Linux x86_64; rv:143.0) Gecko/20100101 Firefox/143.0\"","service":"acquio-api","timestamp":"2025-11-29T08:53:51.568Z"}
{"level":"info","message":"::ffff:127.0.0.1 - - [29/Nov/2025:08:53:51 +0000] \"GET /favicon.ico HTTP/1.1\" 404 150 \"-\" \"Mozilla/5.0 (X11; Linux x86_64; rv:143.0) Gecko/20100101 Firefox/143.0\"","service":"acquio-api","timestamp":"2025-11-29T08:53:51.671Z"}
{"level":"info","message":"Hello from Acquio!","service":"acquio-api","timestamp":"2025-11-29T08:54:14.033Z"}
{"level":"info","message":"::ffff:127.0.0.1 - - [29/Nov/2025:08:54:14 +0000] \"GET / HTTP/1.1\" 200 18 \"-\" \"Mozilla/5.0 (X11; Linux x86_64; rv:143.0) Gecko/20100101 Firefox/143.0\"","service":"acquio-api","timestamp":"2025-11-29T08:54:14.052Z"}
{"level":"info","message":"::ffff:127.0.0.1 - - [29/Nov/2025:08:54:14 +0000] \"GET /favicon.ico HTTP/1.1\" 404 150 \"-\" \"Mozilla/5.0 (X11; Linux x86_64; rv:143.0) Gecko/20100101 Firefox/143.0\"","service":"acquio-api","timestamp":"2025-11-29T08:54:14.130Z"}
{"level":"info","message":"Hello from Acquio!","service":"acquio-api","timestamp":"2025-11-29T08:54:15.585Z"}
{"level":"info","message":"::ffff:127.0.0.1 - - [29/Nov/2025:08:54:15 +0000] \"GET / HTTP/1.1\" 200 18 \"-\" \"Mozilla/5.0 (X11; Linux x86_64; rv:143.0) Gecko/20100101 Firefox/143.0\"","service":"acquio-api","timestamp":"2025-11-29T08:54:15.589Z"}
{"level":"info","message":"::ffff:127.0.0.1 - - [29/Nov/2025:08:54:15 +0000] \"GET /favicon.ico HTTP/1.1\" 404 150 \"-\" \"Mozilla/5.0 (X11; Linux x86_64; rv:143.0) Gecko/20100101 Firefox/143.0\"","service":"acquio-api","timestamp":"2025-11-29T08:54:15.678Z"}
{"level":"info","message":"Hello from Acquio!","service":"acquio-api","timestamp":"2025-11-29T09:04:49.442Z"}
{"level":"info","message":"::1 - - [29/Nov/2025:09:04:49 +0000] \"GET / HTTP/1.1\" 200 18 \"-\" \"HTTPie\"","service":"acquio-api","timestamp":"2025-11-29T09:04:49.465Z"}
{"level":"info","message":"::1 - - [29/Nov/2025:09:04:57 +0000] \"GET /api HTTP/1.1\" 200 35 \"-\" \"HTTPie\"","service":"acquio-api","timestamp":"2025-11-29T09:04:57.229Z"}
{"level":"info","message":"::1 - - [29/Nov/2025:09:05:17 +0000] \"GET /health HTTP/1.1\" 200 76 \"-\" \"HTTPie\"","service":"acquio-api","timestamp":"2025-11-29T09:05:17.921Z"}
{"level":"info","message":"Hello from Acquio!","service":"acquio-api","timestamp":"2025-11-29T09:05:34.869Z"}
{"level":"info","message":"::1 - - [29/Nov/2025:09:05:34 +0000] \"GET / HTTP/1.1\" 200 18 \"-\" \"HTTPie\"","service":"acquio-api","timestamp":"2025-11-29T09:05:34.873Z"}
{"level":"info","message":"::1 - - [29/Nov/2025:09:06:14 +0000] \"GET /api/auth/sign-in HTTP/1.1\" 404 155 \"-\" \"HTTPie\"","service":"acquio-api","timestamp":"2025-11-29T09:06:14.076Z"}
{"level":"info","message":"::1 - - [29/Nov/2025:09:08:10 +0000] \"GET /api/auth/ HTTP/1.1\" 404 148 \"-\" \"HTTPie\"","service":"acquio-api","timestamp":"2025-11-29T09:08:10.925Z"}
{"level":"info","message":"::1 - - [29/Nov/2025:09:08:24 +0000] \"GET /api/auth/sign-up HTTP/1.1\" 404 155 \"-\" \"HTTPie\"","service":"acquio-api","timestamp":"2025-11-29T09:08:24.976Z"}
{"level":"info","message":"::1 - - [29/Nov/2025:09:08:29 +0000] \"GET /api/auth/sign-out HTTP/1.1\" 404 156 \"-\" \"HTTPie\"","service":"acquio-api","timestamp":"2025-11-29T09:08:29.593Z"}
{"level":"info","message":"::1 - - [29/Nov/2025:09:14:31 +0000] \"GET /api/auth/sign-out HTTP/1.1\" 404 156 \"-\" \"HTTPie\"","service":"acquio-api","timestamp":"2025-11-29T09:14:31.586Z"}
{"level":"info","message":"::1 - - [29/Nov/2025:09:17:32 +0000] \"GET /api/auth/sign-out HTTP/1.1\" 404 156 \"-\" \"HTTPie\"","service":"acquio-api","timestamp":"2025-11-29T09:17:32.787Z"}
{"level":"info","message":"::1 - - [29/Nov/2025:09:17:34 +0000] \"GET /api/auth/sign-out HTTP/1.1\" 404 156 \"-\" \"HTTPie\"","service":"acquio-api","timestamp":"2025-11-29T09:17:34.343Z"}
{"level":"info","message":"::1 - - [29/Nov/2025:09:18:05 +0000] \"POST /api/auth/sign-out HTTP/1.1\" 200 32 \"-\" \"HTTPie\"","service":"acquio-api","timestamp":"2025-11-29T09:18:05.445Z"}
{"level":"info","message":"Hello from Acquio!","service":"acquio-api","timestamp":"2025-11-29T10:24:32.948Z"}
{"level":"info","message":"::ffff:127.0.0.1 - - [29/Nov/2025:10:24:32 +0000] \"GET / HTTP/1.1\" 304 - \"-\" \"Mozilla/5.0 (X11; Linux x86_64; rv:143.0) Gecko/20100101 Firefox/143.0\"","service":"acquio-api","timestamp":"2025-11-29T10:24:32.959Z"}
{"level":"info","message":"Hello from Acquio!","service":"acquio-api","timestamp":"2025-11-29T10:24:35.216Z"}
{"level":"info","message":"::ffff:127.0.0.1 - - [29/Nov/2025:10:24:35 +0000] \"GET / HTTP/1.1\" 304 - \"-\" \"Mozilla/5.0 (X11; Linux x86_64; rv:143.0) Gecko/20100101 Firefox/143.0\"","service":"acquio-api","timestamp":"2025-11-29T10:24:35.220Z"}
{"level":"error","message":"Signup error formatValidationError is not defined","service":"acquio-api","stack":"ReferenceError: formatValidationError is not defined\n    at signup (file:///home/mdtauhid/Videos/learn/acquio/src/controllers/auth.controller.js:11:18)\n    at Layer.handleRequest (/home/mdtauhid/Videos/learn/acquio/node_modules/router/lib/layer.js:152:17)\n    at next (/home/mdtauhid/Videos/learn/acquio/node_modules/router/lib/route.js:157:13)\n    at Route.dispatch (/home/mdtauhid/Videos/learn/acquio/node_modules/router/lib/route.js:117:3)\n    at handle (/home/mdtauhid/Videos/learn/acquio/node_modules/router/index.js:435:11)\n    at Layer.handleRequest (/home/mdtauhid/Videos/learn/acquio/node_modules/router/lib/layer.js:152:17)\n    at /home/mdtauhid/Videos/learn/acquio/node_modules/router/index.js:295:15\n    at processParams (/home/mdtauhid/Videos/learn/acquio/node_modules/router/index.js:582:12)\n    at next (/home/mdtauhid/Videos/learn/acquio/node_modules/router/index.js:291:5)\n    at Function.handle (/home/mdtauhid/Videos/learn/acquio/node_modules/router/index.js:186:3)","timestamp":"2025-11-29T10:24:47.900Z"}
{"level":"info","message":"::1 - - [29/Nov/2025:10:24:47 +0000] \"POST /api/auth/sign-up HTTP/1.1\" 400 1241 \"-\" \"HTTPie\"","service":"acquio-api","timestamp":"2025-11-29T10:24:47.904Z"}
{"level":"info","message":"::1 - - [29/Nov/2025:10:34:08 +0000] \"POST /api/auth/sign-up HTTP/1.1\" 400 92 \"-\" \"HTTPie\"","service":"acquio-api","timestamp":"2025-11-29T10:34:08.462Z"}
{"level":"info","message":"User registered successfully: sam@gmail.com","service":"acquio-api","timestamp":"2025-11-29T10:35:51.325Z"}
{"level":"info","message":"::1 - - [29/Nov/2025:10:35:51 +0000] \"POST /api/auth/sign-up HTTP/1.1\" 201 96 \"-\" \"HTTPie\"","service":"acquio-api","timestamp":"2025-11-29T10:35:51.327Z"}
{"level":"error","message":"Signup error password is not defined","service":"acquio-api","stack":"ReferenceError: password is not defined\n    at signup (file:///home/mdtauhid/Videos/learn/acquio/src/controllers/auth.controller.js:19:50)\n    at Layer.handleRequest (/home/mdtauhid/Videos/learn/acquio/node_modules/router/lib/layer.js:152:17)\n    at next (/home/mdtauhid/Videos/learn/acquio/node_modules/router/lib/route.js:157:13)\n    at Route.dispatch (/home/mdtauhid/Videos/learn/acquio/node_modules/router/lib/route.js:117:3)\n    at handle (/home/mdtauhid/Videos/learn/acquio/node_modules/router/index.js:435:11)\n    at Layer.handleRequest (/home/mdtauhid/Videos/learn/acquio/node_modules/router/lib/layer.js:152:17)\n    at /home/mdtauhid/Videos/learn/acquio/node_modules/router/index.js:295:15\n    at processParams (/home/mdtauhid/Videos/learn/acquio/node_modules/router/index.js:582:12)\n    at next (/home/mdtauhid/Videos/learn/acquio/node_modules/router/index.js:291:5)\n    at Function.handle (/home/mdtauhid/Videos/learn/acquio/node_modules/router/index.js:186:3)","timestamp":"2025-11-30T08:36:43.144Z"}
{"level":"info","message":"::1 - - [30/Nov/2025:08:36:43 +0000] \"POST /api/auth/sign-up HTTP/1.1\" 500 1228 \"-\" \"HTTPie\"","service":"acquio-api","timestamp":"2025-11-30T08:36:43.148Z"}
{"level":"info","message":"User sam@gmail.com created successfully","service":"acquio-api","timestamp":"2025-11-30T08:37:49.318Z"}
{"level":"error","message":"Signup error jwttoken is not defined","service":"acquio-api","stack":"ReferenceError: jwttoken is not defined\n    at signup (file:///home/mdtauhid/Videos/learn/acquio/src/controllers/auth.controller.js:21:19)\n    at process.processTicksAndRejections (node:internal/process/task_queues:105:5)","timestamp":"2025-11-30T08:37:49.320Z"}
{"level":"info","message":"::1 - - [30/Nov/2025:08:37:49 +0000] \"POST /api/auth/sign-up HTTP/1.1\" 500 374 \"-\" \"HTTPie\"","service":"acquio-api","timestamp":"2025-11-30T08:37:49.324Z"}
{"level":"error","message":"Error creating user: Error: Failed query: insert into \"users\" (\"id\", \"name\", \"email\", \"password\", \"role\", \"created_at\", \"updated_at\") values (default, $1, $2, $3, $4, default, default) returning \"id\", \"name\", \"email\", \"role\", \"created_at\"\nparams: sam,sam@gmail.com,$2b$10$b.zHK1X6l5XQj1tlMcWTC.urDU3p1blAIdbfl5qIDL3dgWj6KgJuK,user","service":"acquio-api","timestamp":"2025-11-30T08:52:09.074Z"}
{"cause":{"code":"23505","constraint":"users_email_unique","detail":"Key (email)=(sam@gmail.com) already exists.","file":"nbtinsert.c","line":"667","name":"NeonDbError","routine":"_bt_check_unique","schema":"public","severity":"ERROR","table":"users"},"level":"error","message":"Signup error Failed query: insert into \"users\" (\"id\", \"name\", \"email\", \"password\", \"role\", \"created_at\", \"updated_at\") values (default, $1, $2, $3, $4, default, default) returning \"id\", \"name\", \"email\", \"role\", \"created_at\"\nparams: sam,sam@gmail.com,$2b$10$b.zHK1X6l5XQj1tlMcWTC.urDU3p1blAIdbfl5qIDL3dgWj6KgJuK,user","params":["sam","sam@gmail.com","$2b$10$b.zHK1X6l5XQj1tlMcWTC.urDU3p1blAIdbfl5qIDL3dgWj6KgJuK","user"],"query":"insert into \"users\" (\"id\", \"name\", \"email\", \"password\", \"role\", \"created_at\", \"updated_at\") values (default, $1, $2, $3, $4, default, default) returning \"id\", \"name\", \"email\", \"role\", \"created_at\"","service":"acquio-api","stack":"Error: Failed query: insert into \"users\" (\"id\", \"name\", \"email\", \"password\", \"role\", \"created_at\", \"updated_at\") values (default, $1, $2, $3, $4, default, default) returning \"id\", \"name\", \"email\", \"role\", \"created_at\"\nparams: sam,sam@gmail.com,$2b$10$b.zHK1X6l5XQj1tlMcWTC.urDU3p1blAIdbfl5qIDL3dgWj6KgJuK,user\n    at NeonHttpPreparedQuery.queryWithCache (file:///home/mdtauhid/Videos/learn/acquio/node_modules/drizzle-orm/pg-core/session.js:41:15)\n    at process.processTicksAndRejections (node:internal/process/task_queues:105:5)\n    at async NeonHttpPreparedQuery.execute (file:///home/mdtauhid/Videos/learn/acquio/node_modules/drizzle-orm/neon-http/session.js:45:20)\n    at async createUser (file:///home/mdtauhid/Videos/learn/acquio/src/services/auth.service.js:28:23)\n    at async signup (file:///home/mdtauhid/Videos/learn/acquio/src/controllers/auth.controller.js:20:18)","timestamp":"2025-11-30T08:52:09.076Z"}
{"level":"info","message":"::1 - - [30/Nov/2025:08:52:09 +0000] \"POST /api/auth/sign-up HTTP/1.1\" 500 1202 \"-\" \"HTTPie\"","service":"acquio-api","timestamp":"2025-11-30T08:52:09.085Z"}
{"level":"info","message":"User sam1@gmail.com created successfully","service":"acquio-api","timestamp":"2025-11-30T08:54:34.272Z"}
{"level":"error","message":"Signup error cookieStore is not defined","service":"acquio-api","stack":"ReferenceError: cookieStore is not defined\n    at signup (file:///home/mdtauhid/Videos/learn/acquio/src/controllers/auth.controller.js:28:5)\n    at process.processTicksAndRejections (node:internal/process/task_queues:105:5)","timestamp":"2025-11-30T08:54:34.278Z"}
{"level":"info","message":"::1 - - [30/Nov/2025:08:54:34 +0000] \"POST /api/auth/sign-up HTTP/1.1\" 500 376 \"-\" \"HTTPie\"","service":"acquio-api","timestamp":"2025-11-30T08:54:34.279Z"}
{"level":"error","message":"Error creating user: Error: Failed query: insert into \"users\" (\"id\", \"name\", \"email\", \"password\", \"role\", \"created_at\", \"updated_at\") values (default, $1, $2, $3, $4, default, default) returning \"id\", \"name\", \"email\", \"role\", \"created_at\"\nparams: sam1,sam1@gmail.com,$2b$10$kmlTUdCr8hM7D0PYHhpn0uCQb253fEYS/hnhNn1D.FyFZSgEPtDuq,user","service":"acquio-api","timestamp":"2025-11-30T08:55:57.016Z"}
{"cause":{"code":"23505","constraint":"users_email_unique","detail":"Key (email)=(sam1@gmail.com) already exists.","file":"nbtinsert.c","line":"667","name":"NeonDbError","routine":"_bt_check_unique","schema":"public","severity":"ERROR","table":"users"},"level":"error","message":"Signup error Failed query: insert into \"users\" (\"id\", \"name\", \"email\", \"password\", \"role\", \"created_at\", \"updated_at\") values (default, $1, $2, $3, $4, default, default) returning \"id\", \"name\", \"email\", \"role\", \"created_at\"\nparams: sam1,sam1@gmail.com,$2b$10$kmlTUdCr8hM7D0PYHhpn0uCQb253fEYS/hnhNn1D.FyFZSgEPtDuq,user","params":["sam1","sam1@gmail.com","$2b$10$kmlTUdCr8hM7D0PYHhpn0uCQb253fEYS/hnhNn1D.FyFZSgEPtDuq","user"],"query":"insert into \"users\" (\"id\", \"name\", \"email\", \"password\", \"role\", \"created_at\", \"updated_at\") values (default, $1, $2, $3, $4, default, default) returning \"id\", \"name\", \"email\", \"role\", \"created_at\"","service":"acquio-api","stack":"Error: Failed query: insert into \"users\" (\"id\", \"name\", \"email\", \"password\", \"role\", \"created_at\", \"updated_at\") values (default, $1, $2, $3, $4, default, default) returning \"id\", \"name\", \"email\", \"role\", \"created_at\"\nparams: sam1,sam1@gmail.com,$2b$10$kmlTUdCr8hM7D0PYHhpn0uCQb253fEYS/hnhNn1D.FyFZSgEPtDuq,user\n    at NeonHttpPreparedQuery.queryWithCache (file:///home/mdtauhid/Videos/learn/acquio/node_modules/drizzle-orm/pg-core/session.js:41:15)\n    at process.processTicksAndRejections (node:internal/process/task_queues:105:5)\n    at async NeonHttpPreparedQuery.execute (file:///home/mdtauhid/Videos/learn/acquio/node_modules/drizzle-orm/neon-http/session.js:45:20)\n    at async createUser (file:///home/mdtauhid/Videos/learn/acquio/src/services/auth.service.js:28:23)\n    at async signup (file:///home/mdtauhid/Videos/learn/acquio/src/controllers/auth.controller.js:21:18)","timestamp":"2025-11-30T08:55:57.018Z"}
{"level":"info","message":"::1 - - [30/Nov/2025:08:55:57 +0000] \"POST /api/auth/sign-up HTTP/1.1\" 500 1204 \"-\" \"HTTPie\"","service":"acquio-api","timestamp":"2025-11-30T08:55:57.021Z"}
{"level":"info","message":"User sam2@gmail.com created successfully","service":"acquio-api","timestamp":"2025-11-30T08:56:14.217Z"}
{"level":"error","message":"Signup error cookieStore.set is not a function","service":"acquio-api","stack":"TypeError: cookieStore.set is not a function\n    at signup (file:///home/mdtauhid/Videos/learn/acquio/src/controllers/auth.controller.js:29:17)\n    at process.processTicksAndRejections (node:internal/process/task_queues:105:5)","timestamp":"2025-11-30T08:56:14.223Z"}
{"level":"info","message":"::1 - - [30/Nov/2025:08:56:14 +0000] \"POST /api/auth/sign-up HTTP/1.1\" 500 379 \"-\" \"HTTPie\"","service":"acquio-api","timestamp":"2025-11-30T08:56:14.225Z"}
{"level":"info","message":"User sam3@gmail.com created successfully","service":"acquio-api","timestamp":"2025-11-30T08:59:14.243Z"}
{"level":"error","message":"Signup error cookies.set is not a function","service":"acquio-api","stack":"TypeError: cookies.set is not a function\n    at signup (file:///home/mdtauhid/Videos/learn/acquio/src/controllers/auth.controller.js:29:13)\n    at process.processTicksAndRejections (node:internal/process/task_queues:105:5)","timestamp":"2025-11-30T08:59:14.247Z"}
{"level":"info","message":"::1 - - [30/Nov/2025:08:59:14 +0000] \"POST /api/auth/sign-up HTTP/1.1\" 500 375 \"-\" \"HTTPie\"","service":"acquio-api","timestamp":"2025-11-30T08:59:14.250Z"}
{"level":"info","message":"User sam4@gmail.com created successfully","service":"acquio-api","timestamp":"2025-11-30T09:02:16.311Z"}
{"level":"error","message":"Signup error cookies.set is not a function","service":"acquio-api","stack":"TypeError: cookies.set is not a function\n    at signup (file:///home/mdtauhid/Videos/learn/acquio/src/controllers/auth.controller.js:29:13)\n    at process.processTicksAndRejections (node:internal/process/task_queues:105:5)","timestamp":"2025-11-30T09:02:16.316Z"}
{"level":"info","message":"::1 - - [30/Nov/2025:09:02:16 +0000] \"POST /api/auth/sign-up HTTP/1.1\" 500 375 \"-\" \"HTTPie\"","service":"acquio-api","timestamp":"2025-11-30T09:02:16.319Z"}
{"level":"info","message":"User sa54@gmail.com created successfully","service":"acquio-api","timestamp":"2025-11-30T09:03:14.269Z"}
{"level":"error","message":"Signup error Cookies.set is not a function","service":"acquio-api","stack":"TypeError: Cookies.set is not a function\n    at signup (file:///home/mdtauhid/Videos/learn/acquio/src/controllers/auth.controller.js:29:13)\n    at process.processTicksAndRejections (node:internal/process/task_queues:105:5)","timestamp":"2025-11-30T09:03:14.273Z"}
{"level":"info","message":"::1 - - [30/Nov/2025:09:03:14 +0000] \"POST /api/auth/sign-up HTTP/1.1\" 500 375 \"-\" \"HTTPie\"","service":"acquio-api","timestamp":"2025-11-30T09:03:14.277Z"}
{"level":"info","message":"User sam5@gmail.com created successfully","service":"acquio-api","timestamp":"2025-11-30T09:06:26.984Z"}
{"level":"info","message":"User registered successfully: sam5@gmail.com","service":"acquio-api","timestamp":"2025-11-30T09:06:26.990Z"}
{"level":"info","message":"::1 - - [30/Nov/2025:09:06:26 +0000] \"POST /api/auth/sign-up HTTP/1.1\" 201 98 \"-\" \"HTTPie\"","service":"acquio-api","timestamp":"2025-11-30T09:06:26.994Z"}
{"level":"info","message":"User sam5@gmail.com authenticated successfully","service":"acquio-api","timestamp":"2025-11-30T09:41:22.139Z"}
{"level":"info","message":"User signed in successfully: sam5@gmail.com","service":"acquio-api","timestamp":"2025-11-30T09:41:22.145Z"}
{"level":"info","message":"::1 - - [30/Nov/2025:09:41:22 +0000] \"POST /api/auth/sign-in HTTP/1.1\" 200 97 \"-\" \"HTTPie\"","service":"acquio-api","timestamp":"2025-11-30T09:41:22.147Z"}
{"level":"info","message":"User signed out successfully","service":"acquio-api","timestamp":"2025-11-30T09:42:00.789Z"}
{"level":"info","message":"::1 - - [30/Nov/2025:09:42:00 +0000] \"POST /api/auth/sign-out HTTP/1.1\" 200 29 \"-\" \"HTTPie\"","service":"acquio-api","timestamp":"2025-11-30T09:42:00.790Z"}
{"level":"info","message":"Hello from Acquio!","service":"acquio-api","timestamp":"2025-11-30T12:50:44.651Z"}
{"level":"info","message":"::ffff:127.0.0.1 - - [30/Nov/2025:12:50:44 +0000] \"GET / HTTP/1.1\" 200 18 \"-\" \"Mozilla/5.0 (X11; Linux x86_64; rv:143.0) Gecko/20100101 Firefox/143.0\"","service":"acquio-api","timestamp":"2025-11-30T12:50:44.664Z"}
{"level":"info","message":"::ffff:127.0.0.1 - - [30/Nov/2025:12:50:44 +0000] \"GET /favicon.ico HTTP/1.1\" 404 150 \"-\" \"Mozilla/5.0 (X11; Linux x86_64; rv:143.0) Gecko/20100101 Firefox/143.0\"","service":"acquio-api","timestamp":"2025-11-30T12:50:44.776Z"}
{"level":"info","message":"Hello from Acquio!","service":"acquio-api","timestamp":"2025-11-30T12:50:47.160Z"}
{"level":"info","message":"::ffff:127.0.0.1 - - [30/Nov/2025:12:50:47 +0000] \"GET / HTTP/1.1\" 200 18 \"-\" \"Mozilla/5.0 (X11; Linux x86_64; rv:143.0) Gecko/20100101 Firefox/143.0\"","service":"acquio-api","timestamp":"2025-11-30T12:50:47.163Z"}
{"level":"info","message":"Hello from Acquio!","service":"acquio-api","timestamp":"2025-11-30T12:50:53.850Z"}
{"level":"info","message":"::ffff:127.0.0.1 - - [30/Nov/2025:12:50:53 +0000] \"GET / HTTP/1.1\" 200 18 \"-\" \"HTTPie\"","service":"acquio-api","timestamp":"2025-11-30T12:50:53.852Z"}
{"level":"info","message":"::ffff:127.0.0.1 - - [30/Nov/2025:12:51:33 +0000] \"POST /sign-in HTTP/1.1\" 404 147 \"-\" \"HTTPie\"","service":"acquio-api","timestamp":"2025-11-30T12:51:33.080Z"}
{"level":"info","message":"::ffff:127.0.0.1 - - [30/Nov/2025:12:51:50 +0000] \"POST /sign-up HTTP/1.1\" 404 147 \"-\" \"HTTPie\"","service":"acquio-api","timestamp":"2025-11-30T12:51:50.127Z"}
{"level":"info","message":"::1 - - [30/Nov/2025:12:51:58 +0000] \"POST /sign-up HTTP/1.1\" 404 147 \"-\" \"HTTPie\"","service":"acquio-api","timestamp":"2025-11-30T12:51:58.695Z"}
{"level":"info","message":"::1 - - [30/Nov/2025:12:52:07 +0000] \"GET /sign-up HTTP/1.1\" 404 146 \"-\" \"HTTPie\"","service":"acquio-api","timestamp":"2025-11-30T12:52:07.345Z"}
{"level":"info","message":"::1 - - [30/Nov/2025:12:52:13 +0000] \"POST /sign-up HTTP/1.1\" 404 147 \"-\" \"HTTPie\"","service":"acquio-api","timestamp":"2025-11-30T12:52:13.898Z"}
{"level":"info","message":"::1 - - [30/Nov/2025:12:52:19 +0000] \"POST /sign-out HTTP/1.1\" 404 148 \"-\" \"HTTPie\"","service":"acquio-api","timestamp":"2025-11-30T12:52:19.829Z"}
{"level":"info","message":"Hello from Acquio!","service":"acquio-api","timestamp":"2025-11-30T12:52:44.620Z"}
{"level":"info","message":"::1 - - [30/Nov/2025:12:52:44 +0000] \"GET / HTTP/1.1\" 200 18 \"-\" \"HTTPie\"","service":"acquio-api","timestamp":"2025-11-30T12:52:44.629Z"}
{"level":"info","message":"Hello from Acquio!","service":"acquio-api","timestamp":"2025-11-30T12:52:45.868Z"}
{"level":"info","message":"::1 - - [30/Nov/2025:12:52:45 +0000] \"GET / HTTP/1.1\" 200 18 \"-\" \"HTTPie\"","service":"acquio-api","timestamp":"2025-11-30T12:52:45.873Z"}
{"level":"info","message":"Hello from Acquio!","service":"acquio-api","timestamp":"2025-11-30T12:52:47.115Z"}
{"level":"info","message":"::1 - - [30/Nov/2025:12:52:47 +0000] \"GET / HTTP/1.1\" 200 18 \"-\" \"HTTPie\"","service":"acquio-api","timestamp":"2025-11-30T12:52:47.118Z"}
{"level":"info","message":"Hello from Acquio!","service":"acquio-api","timestamp":"2025-11-30T12:52:47.603Z"}
{"level":"info","message":"::1 - - [30/Nov/2025:12:52:47 +0000] \"GET / HTTP/1.1\" 200 18 \"-\" \"HTTPie\"","service":"acquio-api","timestamp":"2025-11-30T12:52:47.605Z"}
{"level":"info","message":"Hello from Acquio!","service":"acquio-api","timestamp":"2025-11-30T12:52:48.592Z"}
{"level":"info","message":"::1 - - [30/Nov/2025:12:52:48 +0000] \"GET / HTTP/1.1\" 200 18 \"-\" \"HTTPie\"","service":"acquio-api","timestamp":"2025-11-30T12:52:48.594Z"}
{"level":"info","message":"Hello from Acquio!","service":"acquio-api","timestamp":"2025-11-30T12:52:48.703Z"}
{"level":"info","message":"::1 - - [30/Nov/2025:12:52:48 +0000] \"GET / HTTP/1.1\" 200 18 \"-\" \"HTTPie\"","service":"acquio-api","timestamp":"2025-11-30T12:52:48.704Z"}
{"level":"info","message":"Hello from Acquio!","service":"acquio-api","timestamp":"2025-11-30T12:52:48.853Z"}
{"level":"info","message":"::1 - - [30/Nov/2025:12:52:48 +0000] \"GET / HTTP/1.1\" 200 18 \"-\" \"HTTPie\"","service":"acquio-api","timestamp":"2025-11-30T12:52:48.855Z"}
{"level":"info","message":"Hello from Acquio!","service":"acquio-api","timestamp":"2025-11-30T12:52:49.004Z"}
{"level":"info","message":"::1 - - [30/Nov/2025:12:52:49 +0000] \"GET / HTTP/1.1\" 200 18 \"-\" \"HTTPie\"","service":"acquio-api","timestamp":"2025-11-30T12:52:49.005Z"}
{"level":"info","message":"Hello from Acquio!","service":"acquio-api","timestamp":"2025-11-30T12:52:49.162Z"}
{"level":"info","message":"::1 - - [30/Nov/2025:12:52:49 +0000] \"GET / HTTP/1.1\" 200 18 \"-\" \"HTTPie\"","service":"acquio-api","timestamp":"2025-11-30T12:52:49.165Z"}
{"level":"info","message":"Hello from Acquio!","service":"acquio-api","timestamp":"2025-11-30T12:52:49.356Z"}
{"level":"info","message":"::1 - - [30/Nov/2025:12:52:49 +0000] \"GET / HTTP/1.1\" 200 18 \"-\" \"HTTPie\"","service":"acquio-api","timestamp":"2025-11-30T12:52:49.358Z"}
{"level":"info","message":"Hello from Acquio!","service":"acquio-api","timestamp":"2025-11-30T12:52:49.520Z"}
{"level":"info","message":"::1 - - [30/Nov/2025:12:52:49 +0000] \"GET / HTTP/1.1\" 200 18 \"-\" \"HTTPie\"","service":"acquio-api","timestamp":"2025-11-30T12:52:49.522Z"}
{"level":"info","message":"Hello from Acquio!","service":"acquio-api","timestamp":"2025-11-30T12:52:49.720Z"}
{"level":"info","message":"::1 - - [30/Nov/2025:12:52:49 +0000] \"GET / HTTP/1.1\" 200 18 \"-\" \"HTTPie\"","service":"acquio-api","timestamp":"2025-11-30T12:52:49.722Z"}
{"level":"info","message":"Hello from Acquio!","service":"acquio-api","timestamp":"2025-11-30T12:52:49.910Z"}
{"level":"info","message":"::1 - - [30/Nov/2025:12:52:49 +0000] \"GET / HTTP/1.1\" 200 18 \"-\" \"HTTPie\"","service":"acquio-api","timestamp":"2025-11-30T12:52:49.912Z"}
{"level":"info","message":"Hello from Acquio!","service":"acquio-api","timestamp":"2025-11-30T12:52:50.109Z"}
{"level":"info","message":"::1 - - [30/Nov/2025:12:52:50 +0000] \"GET / HTTP/1.1\" 200 18 \"-\" \"HTTPie\"","service":"acquio-api","timestamp":"2025-11-30T12:52:50.110Z"}
{"level":"info","message":"::1 - - [30/Nov/2025:13:19:57 +0000] \"GET /health HTTP/1.1\" 200 75 \"-\" \"HTTPie\"","service":"acquio-api","timestamp":"2025-11-30T13:19:57.451Z"}
{"level":"info","message":"::1 - - [30/Nov/2025:13:20:53 +0000] \"GET /health HTTP/1.1\" 200 76 \"-\" \"HTTPie\"","service":"acquio-api","timestamp":"2025-11-30T13:20:53.743Z"}
{"level":"info","message":"::1 - - [30/Nov/2025:13:20:54 +0000] \"GET /health HTTP/1.1\" 200 75 \"-\" \"HTTPie\"","service":"acquio-api","timestamp":"2025-11-30T13:20:54.361Z"}
{"level":"info","message":"::1 - - [30/Nov/2025:13:20:54 +0000] \"GET /health HTTP/1.1\" 200 76 \"-\" \"HTTPie\"","service":"acquio-api","timestamp":"2025-11-30T13:20:54.976Z"}
{"level":"info","message":"::1 - - [30/Nov/2025:13:20:55 +0000] \"GET /health HTTP/1.1\" 200 76 \"-\" \"HTTPie\"","service":"acquio-api","timestamp":"2025-11-30T13:20:55.796Z"}
{"level":"info","message":"::ffff:127.0.0.1 - - [30/Nov/2025:13:20:56 +0000] \"GET /health HTTP/1.1\" 200 76 \"-\" \"HTTPie\"","service":"acquio-api","timestamp":"2025-11-30T13:20:56.818Z"}
{"ip":"::ffff:127.0.0.1","level":"warn","message":"Rate limit exceeded","path":"/health","service":"acquio-api","timestamp":"2025-11-30T13:20:57.887Z","userAgent":"HTTPie"}
{"level":"info","message":"::ffff:127.0.0.1 - - [30/Nov/2025:13:20:57 +0000] \"GET /health HTTP/1.1\" 483 51 \"-\" \"HTTPie\"","service":"acquio-api","timestamp":"2025-11-30T13:20:57.890Z"}
{"ip":"::ffff:127.0.0.1","level":"warn","message":"Rate limit exceeded","path":"/health","service":"acquio-api","timestamp":"2025-11-30T13:20:58.566Z","userAgent":"HTTPie"}
{"level":"info","message":"::ffff:127.0.0.1 - - [30/Nov/2025:13:20:58 +0000] \"GET /health HTTP/1.1\" 483 51 \"-\" \"HTTPie\"","service":"acquio-api","timestamp":"2025-11-30T13:20:58.568Z"}
{"ip":"::ffff:127.0.0.1","level":"warn","message":"Rate limit exceeded","path":"/health","service":"acquio-api","timestamp":"2025-11-30T13:20:59.875Z","userAgent":"HTTPie"}
{"level":"info","message":"::ffff:127.0.0.1 - - [30/Nov/2025:13:20:59 +0000] \"GET /health HTTP/1.1\" 483 51 \"-\" \"HTTPie\"","service":"acquio-api","timestamp":"2025-11-30T13:20:59.879Z"}
{"ip":"::1","level":"warn","message":"Rate limit exceeded","path":"/health","service":"acquio-api","timestamp":"2025-11-30T13:21:00.710Z","userAgent":"HTTPie"}
{"level":"info","message":"::1 - - [30/Nov/2025:13:21:00 +0000] \"GET /health HTTP/1.1\" 483 51 \"-\" \"HTTPie\"","service":"acquio-api","timestamp":"2025-11-30T13:21:00.712Z"}
{"ip":"::1","level":"warn","message":"Rate limit exceeded","path":"/health","service":"acquio-api","timestamp":"2025-11-30T13:21:00.913Z","userAgent":"HTTPie"}
{"level":"info","message":"::1 - - [30/Nov/2025:13:21:00 +0000] \"GET /health HTTP/1.1\" 483 51 \"-\" \"HTTPie\"","service":"acquio-api","timestamp":"2025-11-30T13:21:00.914Z"}
{"ip":"::1","level":"warn","message":"Rate limit exceeded","path":"/health","service":"acquio-api","timestamp":"2025-11-30T13:21:01.457Z","userAgent":"HTTPie"}
{"level":"info","message":"::1 - - [30/Nov/2025:13:21:01 +0000] \"GET /health HTTP/1.1\" 483 51 \"-\" \"HTTPie\"","service":"acquio-api","timestamp":"2025-11-30T13:21:01.459Z"}
{"ip":"::1","level":"warn","message":"Rate limit exceeded","path":"/health","service":"acquio-api","timestamp":"2025-11-30T13:21:01.600Z","userAgent":"HTTPie"}
{"level":"info","message":"::1 - - [30/Nov/2025:13:21:01 +0000] \"GET /health HTTP/1.1\" 483 51 \"-\" \"HTTPie\"","service":"acquio-api","timestamp":"2025-11-30T13:21:01.602Z"}
{"level":"info","message":"Hello from Acquio!","service":"acquio-api","timestamp":"2025-11-30T13:26:16.105Z"}
{"level":"info","message":"::ffff:127.0.0.1 - - [30/Nov/2025:13:26:16 +0000] \"GET / HTTP/1.1\" 200 18 \"-\" \"Mozilla/5.0 (X11; Linux x86_64; rv:143.0) Gecko/20100101 Firefox/143.0\"","service":"acquio-api","timestamp":"2025-11-30T13:26:16.116Z"}
{"level":"info","message":"::ffff:127.0.0.1 - - [30/Nov/2025:13:26:16 +0000] \"GET /favicon.ico HTTP/1.1\" - - \"-\" \"Mozilla/5.0 (X11; Linux x86_64; rv:143.0) Gecko/20100101 Firefox/143.0\"","service":"acquio-api","timestamp":"2025-11-30T13:26:16.215Z"}
